<?xml version="1.0" encoding="UTF-8"?>
<testng-results skipped="0" failed="0" ignored="0" total="1" passed="1">
  <reporter-output>
  </reporter-output>
  <suite name="Surefire suite" duration-ms="15" started-at="2021-02-17T18:49:13 IST" finished-at="2021-02-17T18:49:13 IST">
    <groups>
    </groups>
    <test name="Surefire test" duration-ms="15" started-at="2021-02-17T18:49:13 IST" finished-at="2021-02-17T18:49:13 IST">
      <class name="rameshshiva.Mavenjava.AppTest">
        <test-method status="PASS" signature="testApp()[pri:0, instance:testApp(rameshshiva.Mavenjava.AppTest)]" name="testApp" duration-ms="0" started-at="2021-02-17T18:49:13 IST" finished-at="2021-02-17T18:49:13 IST">
          <reporter-output>
          </reporter-output>
        </test-method> <!-- testApp -->
      </class> <!-- rameshshiva.Mavenjava.AppTest -->
    </test> <!-- Surefire test -->
  </suite> <!-- Surefire suite -->
</testng-results>
