<?xml version="1.0" encoding="UTF-8"?>
<!-- Generated by org.testng.reporters.JUnitXMLReporter -->
<testsuite hostname="RAMESHK8618" ignored="0" name="Surefire test" tests="6" failures="0" timestamp="2021-02-17T18:49:13 IST" time="0.085" errors="0">
  <testcase name="APITest1" time="0.016" classname="rameshshiva.Mavenjava.APITest"/>
  <testcase name="APITest2" time="0.0" classname="rameshshiva.Mavenjava.APITest"/>
  <testcase name="RESTAPITest1" time="0.0" classname="rameshshiva.Mavenjava.RESTAPITest"/>
  <testcase name="RESTAPITest2" time="0.0" classname="rameshshiva.Mavenjava.RESTAPITest"/>
  <testcase name="SeleniumTest1" time="0.0" classname="rameshshiva.Mavenjava.SeleniumTest"/>
  <testcase name="SeleniumTest2" time="0.0" classname="rameshshiva.Mavenjava.SeleniumTest"/>
</testsuite> <!-- Surefire test -->
