<?xml version="1.0" encoding="UTF-8"?>
<testng-results skipped="0" failed="0" ignored="0" total="6" passed="6">
  <reporter-output>
  </reporter-output>
  <suite name="Surefire suite" duration-ms="85" started-at="2021-02-17T18:49:13 IST" finished-at="2021-02-17T18:49:13 IST">
    <groups>
    </groups>
    <test name="Surefire test" duration-ms="85" started-at="2021-02-17T18:49:13 IST" finished-at="2021-02-17T18:49:13 IST">
      <class name="rameshshiva.Mavenjava.RESTAPITest">
        <test-method status="PASS" signature="RESTAPITest2()[pri:0, instance:rameshshiva.Mavenjava.RESTAPITest@5383967b]" name="RESTAPITest2" duration-ms="0" started-at="2021-02-17T18:49:13 IST" finished-at="2021-02-17T18:49:13 IST">
          <reporter-output>
          </reporter-output>
        </test-method> <!-- RESTAPITest2 -->
        <test-method status="PASS" signature="RESTAPITest1()[pri:0, instance:rameshshiva.Mavenjava.RESTAPITest@5383967b]" name="RESTAPITest1" duration-ms="0" started-at="2021-02-17T18:49:13 IST" finished-at="2021-02-17T18:49:13 IST">
          <reporter-output>
          </reporter-output>
        </test-method> <!-- RESTAPITest1 -->
      </class> <!-- rameshshiva.Mavenjava.RESTAPITest -->
      <class name="rameshshiva.Mavenjava.SeleniumTest">
        <test-method status="PASS" signature="SeleniumTest1()[pri:0, instance:rameshshiva.Mavenjava.SeleniumTest@2ac273d3]" name="SeleniumTest1" duration-ms="0" started-at="2021-02-17T18:49:13 IST" finished-at="2021-02-17T18:49:13 IST">
          <reporter-output>
          </reporter-output>
        </test-method> <!-- SeleniumTest1 -->
        <test-method status="PASS" signature="SeleniumTest2()[pri:0, instance:rameshshiva.Mavenjava.SeleniumTest@2ac273d3]" name="SeleniumTest2" duration-ms="0" started-at="2021-02-17T18:49:13 IST" finished-at="2021-02-17T18:49:13 IST">
          <reporter-output>
          </reporter-output>
        </test-method> <!-- SeleniumTest2 -->
      </class> <!-- rameshshiva.Mavenjava.SeleniumTest -->
      <class name="rameshshiva.Mavenjava.APITest">
        <test-method status="PASS" signature="APITest1()[pri:0, instance:rameshshiva.Mavenjava.APITest@4fe3c938]" name="APITest1" duration-ms="16" started-at="2021-02-17T18:49:13 IST" finished-at="2021-02-17T18:49:13 IST">
          <reporter-output>
          </reporter-output>
        </test-method> <!-- APITest1 -->
        <test-method status="PASS" signature="APITest2()[pri:0, instance:rameshshiva.Mavenjava.APITest@4fe3c938]" name="APITest2" duration-ms="0" started-at="2021-02-17T18:49:13 IST" finished-at="2021-02-17T18:49:13 IST">
          <reporter-output>
          </reporter-output>
        </test-method> <!-- APITest2 -->
      </class> <!-- rameshshiva.Mavenjava.APITest -->
    </test> <!-- Surefire test -->
  </suite> <!-- Surefire suite -->
</testng-results>
