<?xml version="1.0" encoding="UTF-8"?>
<!-- Generated by org.testng.reporters.JUnitXMLReporter -->
<testsuite hostname="RAMESHK8618" ignored="0" name="Test" tests="4" failures="0" timestamp="2021-02-17T19:02:30 IST" time="0.1" errors="0">
  <testcase name="SeleniumTest1" time="0.0" classname="rameshshiva.Mavenjava.SeleniumTest"/>
  <testcase name="SeleniumTest2" time="0.0" classname="rameshshiva.Mavenjava.SeleniumTest"/>
  <testcase name="RESTAPITest1" time="0.0" classname="rameshshiva.Mavenjava.RESTAPITest"/>
  <testcase name="RESTAPITest2" time="0.0" classname="rameshshiva.Mavenjava.RESTAPITest"/>
</testsuite> <!-- Test -->
