<?xml version="1.0" encoding="UTF-8"?>
<testng-results skipped="0" failed="0" ignored="0" total="6" passed="6">
  <reporter-output>
  </reporter-output>
  <suite name="Command line suite" duration-ms="84" started-at="2021-02-19T16:51:09 IST" finished-at="2021-02-19T16:51:09 IST">
    <groups>
    </groups>
    <test name="Command line test" duration-ms="84" started-at="2021-02-19T16:51:09 IST" finished-at="2021-02-19T16:51:09 IST">
      <class name="rameshshiva.Mavenjava.SeleniumTest">
        <test-method status="PASS" signature="SeleniumTest2()[pri:0, instance:rameshshiva.Mavenjava.SeleniumTest@4cf777e8]" name="SeleniumTest2" duration-ms="0" started-at="2021-02-19T16:51:09 IST" finished-at="2021-02-19T16:51:09 IST">
          <reporter-output>
          </reporter-output>
        </test-method> <!-- SeleniumTest2 -->
        <test-method status="PASS" signature="SeleniumTest1()[pri:0, instance:rameshshiva.Mavenjava.SeleniumTest@4cf777e8]" name="SeleniumTest1" duration-ms="0" started-at="2021-02-19T16:51:09 IST" finished-at="2021-02-19T16:51:09 IST">
          <reporter-output>
          </reporter-output>
        </test-method> <!-- SeleniumTest1 -->
      </class> <!-- rameshshiva.Mavenjava.SeleniumTest -->
      <class name="rameshshiva.Mavenjava.RESTAPITest">
        <test-method status="PASS" signature="RESTAPITest1()[pri:0, instance:rameshshiva.Mavenjava.RESTAPITest@59ec2012]" name="RESTAPITest1" duration-ms="0" started-at="2021-02-19T16:51:09 IST" finished-at="2021-02-19T16:51:09 IST">
          <reporter-output>
          </reporter-output>
        </test-method> <!-- RESTAPITest1 -->
        <test-method status="PASS" signature="RESTAPITest2()[pri:0, instance:rameshshiva.Mavenjava.RESTAPITest@59ec2012]" name="RESTAPITest2" duration-ms="0" started-at="2021-02-19T16:51:09 IST" finished-at="2021-02-19T16:51:09 IST">
          <reporter-output>
          </reporter-output>
        </test-method> <!-- RESTAPITest2 -->
      </class> <!-- rameshshiva.Mavenjava.RESTAPITest -->
      <class name="rameshshiva.Mavenjava.APITest">
        <test-method status="PASS" signature="APITest1()[pri:0, instance:rameshshiva.Mavenjava.APITest@402a079c]" name="APITest1" duration-ms="16" started-at="2021-02-19T16:51:09 IST" finished-at="2021-02-19T16:51:09 IST">
          <reporter-output>
          </reporter-output>
        </test-method> <!-- APITest1 -->
        <test-method status="PASS" signature="APITest2()[pri:0, instance:rameshshiva.Mavenjava.APITest@402a079c]" name="APITest2" duration-ms="0" started-at="2021-02-19T16:51:09 IST" finished-at="2021-02-19T16:51:09 IST">
          <reporter-output>
          </reporter-output>
        </test-method> <!-- APITest2 -->
      </class> <!-- rameshshiva.Mavenjava.APITest -->
    </test> <!-- Command line test -->
  </suite> <!-- Command line suite -->
</testng-results>
